<?xml version="1.0" encoding="UTF-8"?>
<!-- Generated by org.testng.reporters.JUnitXMLReporter -->
<testsuite ignored="0" hostname="LAPTOP-LD98MK4F" failures="0" tests="2" name="Test" time="0.108" errors="0" timestamp="2023-06-12T12:02:07 IST">
  <testcase classname="org.Testcase.FlipkartTestcase" name="@BeforeClass setup1" time="-1.686551527497E9">
    <failure type="org.testng.TestNGException" message="
Parameter &amp;apos;Port&amp;apos; is required by BeforeClass on method setup1 but has not been marked @Optional or defined
in C:\Users\vishal\Downloads\FlipkartProject\testngmain.xml">
      <![CDATA[org.testng.TestNGException: 
Parameter 'Port' is required by BeforeClass on method setup1 but has not been marked @Optional or defined
in C:\Users\vishal\Downloads\FlipkartProject\testngmain.xml
at java.base/java.util.ArrayList.forEach(ArrayList.java:1541)
... Removed 22 stack frames]]>
    </failure>
  </testcase> <!-- @BeforeClass setup1 -->
  <testcase classname="Flipkart_Project_Axis.Baseclass" name="scene" time="0.013"/>
  <testcase classname="org.Testcase.FlipkartTestcase" name="scenarioDemo" time="0.001">
    <skipped/>
  </testcase> <!-- scenarioDemo -->
</testsuite> <!-- Test -->
